<?xml version="1.0" encoding="UTF-8"?>
<!-- Generated by org.testng.reporters.JUnitXMLReporter -->
<testsuite ignored="0" hostname="DESKTOP-DQRDBH9" failures="0" tests="4" name="Default test" time="17.267" errors="0" timestamp="2025-12-29T16:03:26 EET">
  <testcase classname="MyTest.Test1" name="SignUp" time="6.707"/>
  <testcase classname="MyTest.Test1" name="Logout" time="0.966"/>
  <testcase classname="MyTest.Test1" name="Login" time="0.297"/>
  <testcase classname="MyTest.Test1" name="DeleteAccount" time="5.758"/>
</testsuite> <!-- Default test -->
