<?xml version="1.0" encoding="UTF-8"?>
<testng-results ignored="0" total="4" passed="4" failed="0" skipped="0">
  <reporter-output>
  </reporter-output>
  <suite started-at="2025-12-29T16:03:08 EET" name="Default suite" finished-at="2025-12-29T16:03:26 EET" duration-ms="17267">
    <groups>
    </groups>
    <test started-at="2025-12-29T16:03:08 EET" name="Default test" finished-at="2025-12-29T16:03:26 EET" duration-ms="17267">
      <class name="MyTest.Test1">
        <test-method is-config="true" signature="MySetup()[pri:0, instance:MyTest.Test1@542e560f]" started-at="2025-12-29T16:03:08 EET" name="MySetup" finished-at="2025-12-29T16:03:12 EET" duration-ms="3497" status="PASS">
          <reporter-output>
          </reporter-output>
        </test-method> <!-- MySetup -->
        <test-method signature="SignUp()[pri:1, instance:MyTest.Test1@542e560f]" started-at="2025-12-29T16:03:12 EET" name="SignUp" finished-at="2025-12-29T16:03:19 EET" duration-ms="6707" status="PASS">
          <reporter-output>
          </reporter-output>
        </test-method> <!-- SignUp -->
        <test-method signature="Logout()[pri:2, instance:MyTest.Test1@542e560f]" started-at="2025-12-29T16:03:19 EET" name="Logout" finished-at="2025-12-29T16:03:20 EET" duration-ms="966" status="PASS">
          <reporter-output>
          </reporter-output>
        </test-method> <!-- Logout -->
        <test-method signature="Login()[pri:3, instance:MyTest.Test1@542e560f]" started-at="2025-12-29T16:03:20 EET" name="Login" finished-at="2025-12-29T16:03:20 EET" duration-ms="297" status="PASS">
          <reporter-output>
          </reporter-output>
        </test-method> <!-- Login -->
        <test-method signature="DeleteAccount()[pri:4, instance:MyTest.Test1@542e560f]" started-at="2025-12-29T16:03:20 EET" name="DeleteAccount" finished-at="2025-12-29T16:03:26 EET" duration-ms="5758" status="PASS">
          <reporter-output>
          </reporter-output>
        </test-method> <!-- DeleteAccount -->
        <test-method is-config="true" signature="AfterFinishingTheTest()[pri:0, instance:MyTest.Test1@542e560f]" started-at="2025-12-29T16:03:26 EET" name="AfterFinishingTheTest" finished-at="2025-12-29T16:03:26 EET" duration-ms="1" status="PASS">
          <reporter-output>
          </reporter-output>
        </test-method> <!-- AfterFinishingTheTest -->
      </class> <!-- MyTest.Test1 -->
    </test> <!-- Default test -->
  </suite> <!-- Default suite -->
</testng-results>
