<?xml version="1.0" encoding="UTF-8"?>
<!-- Generated by org.testng.reporters.JUnitReportReporter -->
<testsuite hostname="DESKTOP-DQRDBH9" failures="0" tests="4" name="MyTest.Test1" time="13.728" errors="0" timestamp="2025-12-29T16:03:26 EET" skipped="0">
  <testcase classname="MyTest.Test1" name="SignUp" time="6.707"/>
  <testcase classname="MyTest.Test1" name="Logout" time="0.966"/>
  <testcase classname="MyTest.Test1" name="Login" time="0.297"/>
  <testcase classname="MyTest.Test1" name="DeleteAccount" time="5.758"/>
</testsuite> <!-- MyTest.Test1 -->
